<?xml version="1.0" encoding="UTF-8"?>
<!-- Generated by org.testng.reporters.JUnitXMLReporter -->
<testsuite ignored="0" hostname="suryateja" failures="1" tests="2" name="Test" time="33.221" errors="0" timestamp="2025-08-01T16:48:43 CDT">
  <testcase classname="testCases.TC_001_AccountRegistrationTest" name="test_account_Registration" time="6.596"/>
  <testcase classname="testCases.TC_002_LoginTest" name="test_Login" time="12.967">
    <failure type="java.lang.AssertionError" message="expected [true] but found [false]">
      <![CDATA[java.lang.AssertionError: expected [true] but found [false]
at testCases.TC_002_LoginTest.test_Login(TC_002_LoginTest.java:37)
at java.base/java.util.ArrayList.forEach(ArrayList.java:1596)
... Removed 36 stack frames]]>
    </failure>
  </testcase> <!-- test_Login -->
</testsuite> <!-- Test -->
